<?xml version="1.0" encoding="UTF-8"?>
<testsuite name="com.example.demo.XkcdDemoApplicationTests" tests="3" skipped="0" failures="1" errors="0" timestamp="2024-10-24T14:10:12" hostname="COMM-KMCGILL7" time="1.744">
  <properties/>
  <testcase name="testPast()" classname="com.example.demo.XkcdDemoApplicationTests" time="1.653"/>
  <testcase name="testCurrent()" classname="com.example.demo.XkcdDemoApplicationTests" time="0.018"/>
  <testcase name="testPastNull()" classname="com.example.demo.XkcdDemoApplicationTests" time="0.069">
    <failure message="org.springframework.web.client.HttpClientErrorException$NotFound: 404 Not Found: &quot;&lt;html&gt;&lt;EOL&gt;&lt;EOL&gt;&lt;head&gt;&lt;title&gt;404 Not Found&lt;/title&gt;&lt;/head&gt;&lt;EOL&gt;&lt;EOL&gt;&lt;body&gt;&lt;EOL&gt;&lt;EOL&gt;&lt;center&gt;&lt;h1&gt;404 Not Found&lt;/h1&gt;&lt;/center&gt;&lt;EOL&gt;&lt;EOL&gt;&lt;hr&gt;&lt;center&gt;nginx&lt;/center&gt;&lt;EOL&gt;&lt;EOL&gt;&lt;/body&gt;&lt;EOL&gt;&lt;EOL&gt;&lt;/html&gt;&lt;EOL&gt;&lt;EOL&gt;&quot;" type="org.springframework.web.client.HttpClientErrorException$NotFound">org.springframework.web.client.HttpClientErrorException$NotFound: 404 Not Found: &quot;&lt;html&gt;&lt;EOL&gt;&lt;EOL&gt;&lt;head&gt;&lt;title&gt;404 Not Found&lt;/title&gt;&lt;/head&gt;&lt;EOL&gt;&lt;EOL&gt;&lt;body&gt;&lt;EOL&gt;&lt;EOL&gt;&lt;center&gt;&lt;h1&gt;404 Not Found&lt;/h1&gt;&lt;/center&gt;&lt;EOL&gt;&lt;EOL&gt;&lt;hr&gt;&lt;center&gt;nginx&lt;/center&gt;&lt;EOL&gt;&lt;EOL&gt;&lt;/body&gt;&lt;EOL&gt;&lt;EOL&gt;&lt;/html&gt;&lt;EOL&gt;&lt;EOL&gt;&quot;
	at app//org.springframework.web.client.HttpClientErrorException.create(HttpClientErrorException.java:112)
	at app//org.springframework.web.client.DefaultResponseErrorHandler.handleError(DefaultResponseErrorHandler.java:183)
	at app//org.springframework.web.client.DefaultResponseErrorHandler.handleError(DefaultResponseErrorHandler.java:137)
	at app//org.springframework.web.client.ResponseErrorHandler.handleError(ResponseErrorHandler.java:63)
	at app//org.springframework.web.client.RestTemplate.handleResponse(RestTemplate.java:942)
	at app//org.springframework.web.client.RestTemplate.doExecute(RestTemplate.java:891)
	at app//org.springframework.web.client.RestTemplate.execute(RestTemplate.java:790)
	at app//org.springframework.web.client.RestTemplate.getForObject(RestTemplate.java:404)
	at app//com.example.demo.service.impl.xkcd.XkcdServiceImpl.getPastComic(XkcdServiceImpl.java:19)
	at app//com.example.demo.XkcdDemoApplicationTests.testPastNull(XkcdDemoApplicationTests.java:33)
	at java.base@21.0.4/java.lang.reflect.Method.invoke(Method.java:580)
	at java.base@21.0.4/java.util.ArrayList.forEach(ArrayList.java:1596)
	at java.base@21.0.4/java.util.ArrayList.forEach(ArrayList.java:1596)
</failure>
  </testcase>
  <system-out><![CDATA[10:10:10.618 [Test worker] INFO org.springframework.test.context.support.AnnotationConfigContextLoaderUtils -- Could not detect default configuration classes for test class [com.example.demo.XkcdDemoApplicationTests]: XkcdDemoApplicationTests does not declare any static, non-private, non-final, nested classes annotated with @Configuration.
10:10:10.721 [Test worker] INFO org.springframework.boot.test.context.SpringBootTestContextBootstrapper -- Found @SpringBootConfiguration com.example.demo.XkcdDemoApplication for test class com.example.demo.XkcdDemoApplicationTests

  .   ____          _            __ _ _
 /\\ / ___'_ __ _ _(_)_ __  __ _ \ \ \ \
( ( )\___ | '_ | '_| | '_ \/ _` | \ \ \ \
 \\/  ___)| |_)| | | | | || (_| |  ) ) ) )
  '  |____| .__|_| |_|_| |_\__, | / / / /
 =========|_|==============|___/=/_/_/_/

 :: Spring Boot ::                (v3.3.3)

2024-10-24T10:10:11.186-04:00  INFO 41420 --- [demo] [    Test worker] c.example.demo.XkcdDemoApplicationTests  : Starting XkcdDemoApplicationTests using Java 21.0.4 with PID 41420 (started by kmcgill7 in C:\Users\kmcgill7\IdeaProjects\Spring-Class-Demo\demo)
2024-10-24T10:10:11.187-04:00  INFO 41420 --- [demo] [    Test worker] c.example.demo.XkcdDemoApplicationTests  : No active profile set, falling back to 1 default profile: "default"
2024-10-24T10:10:12.153-04:00  INFO 41420 --- [demo] [    Test worker] o.s.b.a.w.s.WelcomePageHandlerMapping    : Adding welcome page template: index
2024-10-24T10:10:12.479-04:00  INFO 41420 --- [demo] [    Test worker] c.example.demo.XkcdDemoApplicationTests  : Started XkcdDemoApplicationTests in 1.575 seconds (process running for 2.848)
]]></system-out>
  <system-err><![CDATA[WARNING: A Java agent has been loaded dynamically (C:\Users\kmcgill7\.gradle\caches\modules-2\files-2.1\net.bytebuddy\byte-buddy-agent\1.14.19\154da3a65b4f4a909d3e5bdec55d1b2b4cbb6ce1\byte-buddy-agent-1.14.19.jar)
WARNING: If a serviceability tool is in use, please run with -XX:+EnableDynamicAgentLoading to hide this warning
WARNING: If a serviceability tool is not in use, please run with -Djdk.instrument.traceUsage for more information
WARNING: Dynamic loading of agents will be disallowed by default in a future release
]]></system-err>
</testsuite>
